5.602e-04 9.348e-04 4.734e-04 3.578e-04 4.766e-04 7.335e-04 2.106e-03 1.458e-03 1.013e-02 2.372e-03 1.275e-03 4.743e-03 7.063e-04 1.357e-03 6.929e-04 3.695e-04 2.574e-04 1.925e-04 3.469e-04 3.492e-04 5000 1.046062e-06 5000 1.081017e-06 5000 1.260327e-06 4938 1.982311e-06 
2.824e-03 4.658e-03 2.359e-03 1.758e-03 2.363e-03 3.679e-03 1.048e-02 7.306e-03 4.975e-02 1.163e-02 6.394e-03 2.388e-02 3.610e-03 6.916e-03 3.852e-03 1.864e-03 1.287e-03 9.711e-04 2.645e-03 1.804e-03 4404 1.697579e-06 4768 1.388018e-06 4829 1.707939e-06 4944 2.936532e-06 
6.689e-04 1.450e-03 6.148e-04 5.221e-04 1.583e-03 1.949e-03 1.885e-03 1.902e-03 3.884e-05 5.207e-04 1.153e-04 1.129e-05 6.727e-04 1.660e-03 5.171e-04 2.230e-04 6.200e-04 6.217e-04 3.602e-04 4.024e-04 5000 1.017183e-06 5000 1.087523e-06 5000 1.271463e-06 4929 2.006765e-06 
9.731e-04 8.816e-04 6.743e-04 5.344e-04 1.620e-03 2.362e-03 1.836e-03 1.849e-03 6.963e-05 1.628e-04 9.406e-05 2.854e-05 4.548e-04 2.772e-03 5.569e-04 3.216e-04 6.279e-04 9.471e-04 3.589e-04 3.951e-04 5000 1.016802e-06 5000 1.109368e-06 5000 1.282130e-06 4916 2.016549e-06 
8.675e-04 7.730e-04 7.008e-04 5.611e-04 1.705e-03 2.488e-03 1.842e-03 1.843e-03 1.115e-06 1.393e-06 4.595e-06 3.274e-06 5.714e-04 2.881e-03 5.446e-04 3.343e-04 5.619e-04 8.472e-04 3.586e-04 3.934e-04 5000 1.016948e-06 5000 1.090373e-06 5000 1.287175e-06 4914 2.027005e-06 
2.991e-04 1.172e-03 7.136e-04 5.803e-04 1.928e-03 2.566e-03 1.840e-03 1.855e-03 5.027e-06 6.750e-06 3.866e-06 1.971e-06 7.197e-04 2.550e-03 5.361e-04 3.426e-04 3.801e-04 3.635e-04 3.616e-04 4.027e-04 5000 1.016947e-06 5000 1.081029e-06 5000 1.286431e-06 4911 2.025881e-06 
4.786e-04 5.120e-04 7.036e-04 5.684e-04 1.812e-03 2.515e-03 1.840e-03 1.845e-03 5.401e-06 7.936e-06 4.491e-06 1.745e-06 5.495e-04 2.489e-03 5.394e-04 3.352e-04 3.849e-04 3.796e-04 3.600e-04 3.977e-04 5000 1.017056e-06 5000 1.090466e-06 5000 1.277385e-06 4884 2.031140e-06 
6.573e-04 1.243e-03 6.536e-04 5.520e-04 1.520e-03 1.940e-03 1.875e-03 1.873e-03 1.349e-04 4.801e-04 7.113e-05 9.954e-06 5.727e-04 1.479e-03 5.139e-04 2.671e-04 5.992e-04 5.227e-04 3.595e-04 4.006e-04 5000 1.016944e-06 5000 1.087018e-06 5000 1.267455e-06 4903 1.997566e-06 
1.590e-03 1.463e-03 3.710e-04 1.060e-04 5.274e-04 1.632e-03 3.625e-04 6.254e-04 3.995e-05 4.051e-04 5.028e-04 1.689e-04 1.094e-03 2.419e-03 7.148e-04 2.336e-04 2.360e-04 4.460e-04 3.444e-04 3.909e-04 5000 1.016757e-06 5000 1.056944e-06 5000 1.220927e-06 4889 1.881384e-06 
1.458e-03 1.048e-03 2.172e-04 1.408e-04 1.169e-03 1.172e-03 6.136e-04 6.645e-04 1.350e-04 2.632e-04 5.648e-04 2.233e-04 3.989e-04 8.832e-04 6.849e-04 1.294e-04 3.005e-04 5.641e-04 3.565e-04 4.020e-04 5000 1.016837e-06 5000 1.080371e-06 5000 1.238138e-06 4894 1.944609e-06 
1.354e-03 1.284e-03 9.145e-04 3.535e-04 5.455e-04 9.166e-04 7.099e-05 6.244e-04 1.980e-05 8.149e-05 1.050e-04 2.121e-05 5.616e-04 1.733e-04 6.745e-04 1.485e-04 2.692e-04 4.909e-04 3.666e-04 4.135e-04 5000 1.016829e-06 5000 1.048686e-06 5000 1.216927e-06 4869 1.892790e-06 
1.695e-03 1.515e-03 1.079e-03 4.579e-04 7.563e-04 6.861e-04 5.121e-05 6.105e-04 1.287e-05 1.697e-05 5.506e-05 3.421e-05 8.626e-04 1.153e-03 6.469e-04 2.588e-04 2.787e-04 4.411e-04 3.829e-04 4.220e-04 5000 1.016915e-06 5000 1.061202e-06 5000 1.207030e-06 4896 1.922197e-06 
1.192e-03 1.276e-03 1.059e-03 3.964e-04 1.447e-03 1.207e-03 3.159e-05 6.179e-04 2.153e-06 6.103e-05 7.462e-05 3.548e-05 1.428e-03 5.171e-04 6.750e-04 1.791e-04 2.546e-04 4.733e-04 3.691e-04 4.199e-04 5000 1.017105e-06 5000 1.063163e-06 5000 1.244559e-06 4898 1.949684e-06 
1.188e-03 1.218e-03 8.459e-04 3.564e-04 1.364e-03 1.071e-03 1.475e-04 5.918e-04 1.392e-06 5.321e-05 1.384e-04 2.233e-05 1.489e-03 9.220e-04 6.580e-04 1.336e-04 2.589e-04 4.875e-04 3.659e-04 4.152e-04 5000 1.016746e-06 5000 1.057116e-06 5000 1.229252e-06 4925 1.942838e-06 
5.470e-04 1.767e-03 8.678e-04 1.126e-03 1.927e-03 2.506e-03 4.556e-04 3.609e-04 1.389e-05 3.468e-05 1.833e-03 1.929e-02 8.422e-04 2.713e-03 9.766e-04 9.072e-04 5.296e-04 6.485e-04 1.308e-04 1.872e-04 5000 1.016782e-06 5000 1.063186e-06 5000 1.288205e-06 4903 2.074262e-06 
3.562e-04 8.375e-04 1.115e-03 1.532e-03 1.804e-03 2.432e-03 4.542e-04 3.083e-04 2.816e-05 2.505e-05 1.986e-03 2.239e-02 5.344e-04 2.275e-03 1.089e-03 1.149e-03 3.825e-04 2.664e-04 7.349e-05 1.319e-04 5000 1.016781e-06 5000 1.063008e-06 5000 1.276668e-06 4901 2.042845e-06 
7.635e-04 2.204e-03 1.161e-03 1.618e-03 1.962e-03 2.501e-03 4.486e-04 3.034e-04 1.117e-05 1.872e-05 2.035e-03 2.330e-02 9.907e-04 3.005e-03 1.107e-03 1.197e-03 6.586e-04 9.012e-04 6.138e-05 1.307e-04 5000 1.016721e-06 5000 1.066993e-06 5000 1.282702e-06 4912 2.141957e-06 
3.635e-04 1.158e-03 1.121e-03 1.560e-03 1.842e-03 2.445e-03 4.537e-04 3.098e-04 3.873e-06 1.493e-05 2.008e-03 2.271e-02 6.217e-04 2.337e-03 1.092e-03 1.160e-03 4.155e-04 3.130e-04 6.936e-05 1.298e-04 5000 1.016813e-06 5000 1.073045e-06 5000 1.288842e-06 4913 2.061265e-06 
1.374e-03 1.652e-03 9.892e-04 1.331e-03 1.549e-03 2.460e-03 4.605e-04 3.140e-04 1.443e-05 6.006e-05 1.928e-03 2.069e-02 7.974e-04 3.719e-03 1.039e-03 1.038e-03 8.526e-04 1.524e-03 9.906e-05 1.475e-04 5000 1.016923e-06 5000 1.058669e-06 5000 1.270689e-06 4916 2.056781e-06 
6.812e-04 1.241e-03 7.228e-04 2.620e-04 1.512e-03 1.926e-03 4.598e-04 6.064e-04 1.595e-04 4.511e-04 1.697e-03 1.300e-02 5.847e-04 1.449e-03 8.283e-04 6.064e-04 6.088e-04 5.049e-04 2.513e-04 2.981e-04 5000 1.017032e-06 5000 1.074506e-06 5000 1.245345e-06 4920 1.985978e-06 
1.928e-03 1.915e-03 1.394e-03 9.800e-04 5.856e-04 5.113e-04 1.321e-04 3.161e-04 3.487e-05 1.220e-04 2.396e-03 1.461e-02 8.643e-04 1.317e-03 1.503e-04 9.453e-04 1.436e-04 2.624e-04 5.551e-04 5.763e-04 5000 1.016910e-06 5000 1.052236e-06 5000 1.216055e-06 4888 1.991730e-06 
1.572e-03 1.585e-03 1.697e-03 1.525e-03 1.438e-04 2.849e-04 1.044e-04 2.429e-04 3.514e-05 1.279e-04 3.167e-03 2.194e-02 9.096e-04 2.541e-03 1.954e-04 1.166e-03 1.679e-04 3.234e-04 6.927e-04 6.938e-04 5000 1.016819e-06 5000 1.053691e-06 5000 1.217887e-06 4838 1.958282e-06 
1.451e-03 1.388e-03 1.170e-02 1.167e-02 2.817e-06 5.617e-07 1.625e-06 1.517e-06 1.727e-06 2.539e-06 1.741e-02 9.817e-02 6.619e-04 1.795e-03 1.549e-03 2.439e-03 2.077e-04 4.165e-04 1.594e-03 5.417e-04 5000 1.017484e-06 5000 1.063549e-06 4848 1.347176e-06 4713 2.399062e-06 
1.456e-03 1.402e-03 9.710e-03 9.635e-03 8.526e-06 1.545e-05 1.758e-05 6.667e-05 5.770e-06 1.106e-05 1.426e-02 8.142e-02 7.107e-04 1.868e-03 1.242e-03 2.182e-03 2.062e-04 4.154e-04 1.452e-03 7.322e-04 5000 1.017237e-06 5000 1.057753e-06 4926 1.326552e-06 4844 2.344164e-06 
1.448e-03 1.395e-03 9.455e-03 9.710e-03 1.950e-05 2.076e-05 1.603e-05 5.084e-05 6.360e-06 6.143e-06 1.373e-02 8.276e-02 7.413e-04 1.914e-03 1.168e-03 2.213e-03 2.061e-04 4.174e-04 1.458e-03 7.039e-04 5000 1.016719e-06 5000 1.062954e-06 5000 1.306382e-06 4874 2.331852e-06 
1.442e-03 1.396e-03 5.115e-04 4.556e-04 1.786e-04 1.009e-04 9.122e-05 4.833e-04 1.985e-05 5.379e-05 6.107e-04 8.035e-03 6.521e-04 1.587e-03 5.189e-04 3.551e-04 2.336e-04 4.210e-04 4.405e-04 4.769e-04 5000 1.016652e-06 5000 1.051846e-06 5000 1.199049e-06 4888 1.871617e-06 
